Started GET "/" for 127.0.0.1 at 2017-02-16 11:51:52 +0000
Started GET "/" for 127.0.0.1 at 2017-02-16 11:51:53 +0000
  
  
ActiveRecord::NoDatabaseError (FATAL:  database "wdi_project_4_api_development" does not exist
):
  
activerecord (5.0.1) lib/active_record/connection_adapters/postgresql_adapter.rb:675:in `rescue in connect'
activerecord (5.0.1) lib/active_record/connection_adapters/postgresql_adapter.rb:671:in `connect'
activerecord (5.0.1) lib/active_record/connection_adapters/postgresql_adapter.rb:217:in `initialize'
activerecord (5.0.1) lib/active_record/connection_adapters/postgresql_adapter.rb:37:in `new'
activerecord (5.0.1) lib/active_record/connection_adapters/postgresql_adapter.rb:37:in `postgresql_connection'
activerecord (5.0.1) lib/active_record/connection_adapters/abstract/connection_pool.rb:729:in `new_connection'
activerecord (5.0.1) lib/active_record/connection_adapters/abstract/connection_pool.rb:773:in `checkout_new_connection'
activerecord (5.0.1) lib/active_record/connection_adapters/abstract/connection_pool.rb:752:in `try_to_checkout_new_connection'
activerecord (5.0.1) lib/active_record/connection_adapters/abstract/connection_pool.rb:713:in `acquire_connection'
activerecord (5.0.1) lib/active_record/connection_adapters/abstract/connection_pool.rb:490:in `checkout'
activerecord (5.0.1) lib/active_record/connection_adapters/abstract/connection_pool.rb:364:in `connection'
activerecord (5.0.1) lib/active_record/connection_adapters/abstract/connection_pool.rb:883:in `retrieve_connection'
activerecord (5.0.1) lib/active_record/connection_handling.rb:128:in `retrieve_connection'
activerecord (5.0.1) lib/active_record/connection_handling.rb:91:in `connection'
activerecord (5.0.1) lib/active_record/migration.rb:559:in `connection'
activerecord (5.0.1) lib/active_record/migration.rb:546:in `call'
actionpack (5.0.1) lib/action_dispatch/middleware/callbacks.rb:38:in `block in call'
activesupport (5.0.1) lib/active_support/callbacks.rb:97:in `__run_callbacks__'
activesupport (5.0.1) lib/active_support/callbacks.rb:750:in `_run_call_callbacks'
activesupport (5.0.1) lib/active_support/callbacks.rb:90:in `run_callbacks'
actionpack (5.0.1) lib/action_dispatch/middleware/callbacks.rb:36:in `call'
actionpack (5.0.1) lib/action_dispatch/middleware/executor.rb:12:in `call'
actionpack (5.0.1) lib/action_dispatch/middleware/remote_ip.rb:79:in `call'
actionpack (5.0.1) lib/action_dispatch/middleware/debug_exceptions.rb:49:in `call'
actionpack (5.0.1) lib/action_dispatch/middleware/show_exceptions.rb:31:in `call'
railties (5.0.1) lib/rails/rack/logger.rb:36:in `call_app'
railties (5.0.1) lib/rails/rack/logger.rb:24:in `block in call'
activesupport (5.0.1) lib/active_support/tagged_logging.rb:69:in `block in tagged'
activesupport (5.0.1) lib/active_support/tagged_logging.rb:26:in `tagged'
activesupport (5.0.1) lib/active_support/tagged_logging.rb:69:in `tagged'
railties (5.0.1) lib/rails/rack/logger.rb:24:in `call'
actionpack (5.0.1) lib/action_dispatch/middleware/request_id.rb:24:in `call'
rack (2.0.1) lib/rack/runtime.rb:22:in `call'
activesupport (5.0.1) lib/active_support/cache/strategy/local_cache_middleware.rb:28:in `call'
actionpack (5.0.1) lib/action_dispatch/middleware/executor.rb:12:in `call'
actionpack (5.0.1) lib/action_dispatch/middleware/static.rb:136:in `call'
rack (2.0.1) lib/rack/sendfile.rb:111:in `call'
railties (5.0.1) lib/rails/engine.rb:522:in `call'
puma (3.7.0) lib/puma/configuration.rb:226:in `call'
puma (3.7.0) lib/puma/server.rb:578:in `handle_request'
puma (3.7.0) lib/puma/server.rb:415:in `process_client'
puma (3.7.0) lib/puma/server.rb:275:in `block in run'
puma (3.7.0) lib/puma/thread_pool.rb:120:in `block in spawn_thread'
ActiveRecord::NoDatabaseError (FATAL:  database "wdi_project_4_api_development" does not exist
):
  
activerecord (5.0.1) lib/active_record/connection_adapters/postgresql_adapter.rb:675:in `rescue in connect'
activerecord (5.0.1) lib/active_record/connection_adapters/postgresql_adapter.rb:671:in `connect'
activerecord (5.0.1) lib/active_record/connection_adapters/postgresql_adapter.rb:217:in `initialize'
activerecord (5.0.1) lib/active_record/connection_adapters/postgresql_adapter.rb:37:in `new'
activerecord (5.0.1) lib/active_record/connection_adapters/postgresql_adapter.rb:37:in `postgresql_connection'
activerecord (5.0.1) lib/active_record/connection_adapters/abstract/connection_pool.rb:729:in `new_connection'
activerecord (5.0.1) lib/active_record/connection_adapters/abstract/connection_pool.rb:773:in `checkout_new_connection'
activerecord (5.0.1) lib/active_record/connection_adapters/abstract/connection_pool.rb:752:in `try_to_checkout_new_connection'
activerecord (5.0.1) lib/active_record/connection_adapters/abstract/connection_pool.rb:713:in `acquire_connection'
activerecord (5.0.1) lib/active_record/connection_adapters/abstract/connection_pool.rb:490:in `checkout'
activerecord (5.0.1) lib/active_record/connection_adapters/abstract/connection_pool.rb:364:in `connection'
activerecord (5.0.1) lib/active_record/connection_adapters/abstract/connection_pool.rb:883:in `retrieve_connection'
activerecord (5.0.1) lib/active_record/connection_handling.rb:128:in `retrieve_connection'
activerecord (5.0.1) lib/active_record/connection_handling.rb:91:in `connection'
activerecord (5.0.1) lib/active_record/migration.rb:559:in `connection'
activerecord (5.0.1) lib/active_record/migration.rb:546:in `call'
actionpack (5.0.1) lib/action_dispatch/middleware/callbacks.rb:38:in `block in call'
activesupport (5.0.1) lib/active_support/callbacks.rb:97:in `__run_callbacks__'
activesupport (5.0.1) lib/active_support/callbacks.rb:750:in `_run_call_callbacks'
activesupport (5.0.1) lib/active_support/callbacks.rb:90:in `run_callbacks'
actionpack (5.0.1) lib/action_dispatch/middleware/callbacks.rb:36:in `call'
actionpack (5.0.1) lib/action_dispatch/middleware/executor.rb:12:in `call'
actionpack (5.0.1) lib/action_dispatch/middleware/remote_ip.rb:79:in `call'
actionpack (5.0.1) lib/action_dispatch/middleware/debug_exceptions.rb:49:in `call'
actionpack (5.0.1) lib/action_dispatch/middleware/show_exceptions.rb:31:in `call'
railties (5.0.1) lib/rails/rack/logger.rb:36:in `call_app'
railties (5.0.1) lib/rails/rack/logger.rb:24:in `block in call'
activesupport (5.0.1) lib/active_support/tagged_logging.rb:69:in `block in tagged'
activesupport (5.0.1) lib/active_support/tagged_logging.rb:26:in `tagged'
activesupport (5.0.1) lib/active_support/tagged_logging.rb:69:in `tagged'
railties (5.0.1) lib/rails/rack/logger.rb:24:in `call'
actionpack (5.0.1) lib/action_dispatch/middleware/request_id.rb:24:in `call'
rack (2.0.1) lib/rack/runtime.rb:22:in `call'
activesupport (5.0.1) lib/active_support/cache/strategy/local_cache_middleware.rb:28:in `call'
actionpack (5.0.1) lib/action_dispatch/middleware/executor.rb:12:in `call'
actionpack (5.0.1) lib/action_dispatch/middleware/static.rb:136:in `call'
rack (2.0.1) lib/rack/sendfile.rb:111:in `call'
railties (5.0.1) lib/rails/engine.rb:522:in `call'
puma (3.7.0) lib/puma/configuration.rb:226:in `call'
puma (3.7.0) lib/puma/server.rb:578:in `handle_request'
puma (3.7.0) lib/puma/server.rb:415:in `process_client'
puma (3.7.0) lib/puma/server.rb:275:in `block in run'
puma (3.7.0) lib/puma/thread_pool.rb:120:in `block in spawn_thread'
  [1m[35m (0.9ms)[0m  [1m[35mDROP DATABASE IF EXISTS "wdi_project_4_api_development"[0m
  [1m[35m (0.1ms)[0m  [1m[35mDROP DATABASE IF EXISTS "wdi_project_4_api_test"[0m
  [1m[35m (367.1ms)[0m  [1m[35mCREATE DATABASE "wdi_project_4_api_development" ENCODING = 'unicode'[0m
  [1m[35m (269.2ms)[0m  [1m[35mCREATE DATABASE "wdi_project_4_api_test" ENCODING = 'unicode'[0m
  [1m[35m (9.3ms)[0m  [1m[35mCREATE TABLE "schema_migrations" ("version" character varying PRIMARY KEY)[0m
  [1m[35m (3.1ms)[0m  [1m[35mCREATE TABLE "ar_internal_metadata" ("key" character varying PRIMARY KEY, "value" character varying, "created_at" timestamp NOT NULL, "updated_at" timestamp NOT NULL)[0m
  [1m[35m (0.2ms)[0m  [1m[34mSELECT pg_try_advisory_lock(6281188914159424335);[0m
  [1m[36mActiveRecord::SchemaMigration Load (0.5ms)[0m  [1m[34mSELECT "schema_migrations".* FROM "schema_migrations"[0m
Migrating to CreateUsers (20170216121054)
  [1m[35m (0.2ms)[0m  [1m[35mBEGIN[0m
  [1m[35m (4.9ms)[0m  [1m[35mCREATE TABLE "users" ("id" serial primary key, "email" character varying, "password_digest" character varying, "created_at" timestamp NOT NULL, "updated_at" timestamp NOT NULL)[0m
  [1m[35mSQL (1.1ms)[0m  [1m[32mINSERT INTO "schema_migrations" ("version") VALUES ($1) RETURNING "version"[0m  [["version", "20170216121054"]]
  [1m[35m (0.4ms)[0m  [1m[35mCOMMIT[0m
  [1m[36mActiveRecord::InternalMetadata Load (0.4ms)[0m  [1m[34mSELECT  "ar_internal_metadata".* FROM "ar_internal_metadata" WHERE "ar_internal_metadata"."key" = $1 LIMIT $2[0m  [["key", :environment], ["LIMIT", 1]]
  [1m[35m (0.1ms)[0m  [1m[35mBEGIN[0m
  [1m[35mSQL (0.8ms)[0m  [1m[32mINSERT INTO "ar_internal_metadata" ("key", "value", "created_at", "updated_at") VALUES ($1, $2, $3, $4) RETURNING "key"[0m  [["key", "environment"], ["value", "development"], ["created_at", 2017-02-16 12:37:26 UTC], ["updated_at", 2017-02-16 12:37:26 UTC]]
  [1m[35m (0.3ms)[0m  [1m[35mCOMMIT[0m
  [1m[35m (0.3ms)[0m  [1m[34mSELECT pg_advisory_unlock(6281188914159424335)[0m
  [1m[36mActiveRecord::SchemaMigration Load (0.5ms)[0m  [1m[34mSELECT "schema_migrations".* FROM "schema_migrations"[0m
Started POST "/register" for 127.0.0.1 at 2017-02-16 12:38:09 +0000
  [1m[36mActiveRecord::SchemaMigration Load (0.5ms)[0m  [1m[34mSELECT "schema_migrations".* FROM "schema_migrations"[0m
  
ActionController::RoutingError (No route matches [POST] "/register"):
  
actionpack (5.0.1) lib/action_dispatch/middleware/debug_exceptions.rb:53:in `call'
actionpack (5.0.1) lib/action_dispatch/middleware/show_exceptions.rb:31:in `call'
railties (5.0.1) lib/rails/rack/logger.rb:36:in `call_app'
railties (5.0.1) lib/rails/rack/logger.rb:24:in `block in call'
activesupport (5.0.1) lib/active_support/tagged_logging.rb:69:in `block in tagged'
activesupport (5.0.1) lib/active_support/tagged_logging.rb:26:in `tagged'
activesupport (5.0.1) lib/active_support/tagged_logging.rb:69:in `tagged'
railties (5.0.1) lib/rails/rack/logger.rb:24:in `call'
actionpack (5.0.1) lib/action_dispatch/middleware/request_id.rb:24:in `call'
rack (2.0.1) lib/rack/runtime.rb:22:in `call'
activesupport (5.0.1) lib/active_support/cache/strategy/local_cache_middleware.rb:28:in `call'
actionpack (5.0.1) lib/action_dispatch/middleware/executor.rb:12:in `call'
actionpack (5.0.1) lib/action_dispatch/middleware/static.rb:136:in `call'
rack (2.0.1) lib/rack/sendfile.rb:111:in `call'
rack-cors (0.4.1) lib/rack/cors.rb:81:in `call'
railties (5.0.1) lib/rails/engine.rb:522:in `call'
puma (3.7.0) lib/puma/configuration.rb:226:in `call'
puma (3.7.0) lib/puma/server.rb:578:in `handle_request'
puma (3.7.0) lib/puma/server.rb:415:in `process_client'
puma (3.7.0) lib/puma/server.rb:275:in `block in run'
puma (3.7.0) lib/puma/thread_pool.rb:120:in `block in spawn_thread'
Started POST "/register" for 127.0.0.1 at 2017-02-16 12:38:42 +0000
Processing by AuthenticationsController#register as */*
  Parameters: {"email"=>"jackhkm@jackhkm.com", "password"=>"[FILTERED]", "password_confirmation"=>"[FILTERED]", "authentication"=>{"email"=>"jackhkm@jackhkm.com", "password"=>"[FILTERED]", "password_confirmation"=>"[FILTERED]"}}
DEPRECATION WARNING: Method to_hash is deprecated and will be removed in Rails 5.1, as `ActionController::Parameters` no longer inherits from hash. Using this deprecated behavior exposes potential security problems. If you continue to use this method you may be creating a security vulnerability in your app that can be exploited. Instead, consider using one of these documented methods which are not deprecated: http://api.rubyonrails.org/v5.0.1/classes/ActionController/Parameters.html (called from merge! at /Users/Jack/Development/WDI_PROJECT_4_API/app/controllers/authentications_controller.rb:29)
  [1m[35m (0.1ms)[0m  [1m[35mBEGIN[0m
  [1m[36mUser Exists (1.3ms)[0m  [1m[34mSELECT  1 AS one FROM "users" WHERE "users"."email" = $1 LIMIT $2[0m  [["email", "jackhkm@jackhkm.com"], ["LIMIT", 1]]
  [1m[35mSQL (0.6ms)[0m  [1m[32mINSERT INTO "users" ("email", "password_digest", "created_at", "updated_at") VALUES ($1, $2, $3, $4) RETURNING "id"[0m  [["email", "jackhkm@jackhkm.com"], ["password_digest", "$2a$10$p/BhthKXMl2bzhWXwVvFfOFquOxaI9P9gNZKevsQZEl3mQLFzRBJG"], ["created_at", 2017-02-16 12:38:53 UTC], ["updated_at", 2017-02-16 12:38:53 UTC]]
  [1m[35m (0.3ms)[0m  [1m[35mCOMMIT[0m
Completed 500 Internal Server Error in 111ms (ActiveRecord: 7.9ms)


  
NoMethodError (undefined method `issue' for Auth:Class):
  
app/controllers/authentications_controller.rb:7:in `register'
Started POST "/register" for 127.0.0.1 at 2017-02-16 12:39:38 +0000
  [1m[36mActiveRecord::SchemaMigration Load (0.5ms)[0m  [1m[34mSELECT "schema_migrations".* FROM "schema_migrations"[0m
Processing by AuthenticationsController#register as */*
  Parameters: {"email"=>"jackhkm@jackhkm.com", "password"=>"[FILTERED]", "password_confirmation"=>"[FILTERED]", "authentication"=>{"email"=>"jackhkm@jackhkm.com", "password"=>"[FILTERED]", "password_confirmation"=>"[FILTERED]"}}
DEPRECATION WARNING: Method to_hash is deprecated and will be removed in Rails 5.1, as `ActionController::Parameters` no longer inherits from hash. Using this deprecated behavior exposes potential security problems. If you continue to use this method you may be creating a security vulnerability in your app that can be exploited. Instead, consider using one of these documented methods which are not deprecated: http://api.rubyonrails.org/v5.0.1/classes/ActionController/Parameters.html (called from merge! at /Users/Jack/Development/WDI_PROJECT_4_API/app/controllers/authentications_controller.rb:29)
  [1m[35m (0.2ms)[0m  [1m[35mBEGIN[0m
  [1m[36mUser Exists (0.9ms)[0m  [1m[34mSELECT  1 AS one FROM "users" WHERE "users"."email" = $1 LIMIT $2[0m  [["email", "jackhkm@jackhkm.com"], ["LIMIT", 1]]
  [1m[35m (0.2ms)[0m  [1m[31mROLLBACK[0m
[active_model_serializers] Rendered ActiveModel::Serializer::Null with Hash (0.14ms)
Completed 422 Unprocessable Entity in 119ms (Views: 4.1ms | ActiveRecord: 6.9ms)


Started POST "/register" for 127.0.0.1 at 2017-02-16 12:40:12 +0000
Processing by AuthenticationsController#register as */*
  Parameters: {"email"=>"jack@jack.com", "password"=>"[FILTERED]", "password_confirmation"=>"[FILTERED]", "authentication"=>{"email"=>"jack@jack.com", "password"=>"[FILTERED]", "password_confirmation"=>"[FILTERED]"}}
DEPRECATION WARNING: Method to_hash is deprecated and will be removed in Rails 5.1, as `ActionController::Parameters` no longer inherits from hash. Using this deprecated behavior exposes potential security problems. If you continue to use this method you may be creating a security vulnerability in your app that can be exploited. Instead, consider using one of these documented methods which are not deprecated: http://api.rubyonrails.org/v5.0.1/classes/ActionController/Parameters.html (called from merge! at /Users/Jack/Development/WDI_PROJECT_4_API/app/controllers/authentications_controller.rb:29)
  [1m[35m (0.2ms)[0m  [1m[35mBEGIN[0m
  [1m[36mUser Exists (1.2ms)[0m  [1m[34mSELECT  1 AS one FROM "users" WHERE "users"."email" = $1 LIMIT $2[0m  [["email", "jack@jack.com"], ["LIMIT", 1]]
  [1m[35mSQL (0.6ms)[0m  [1m[32mINSERT INTO "users" ("email", "password_digest", "created_at", "updated_at") VALUES ($1, $2, $3, $4) RETURNING "id"[0m  [["email", "jack@jack.com"], ["password_digest", "$2a$10$yutdQfgi0/5KBXFIk6GUUOOu8mVAP0BdGwnlLwjxEpAjIQX63kb6e"], ["created_at", 2017-02-16 12:40:12 UTC], ["updated_at", 2017-02-16 12:40:12 UTC]]
  [1m[35m (0.8ms)[0m  [1m[35mCOMMIT[0m
Completed 500 Internal Server Error in 87ms (ActiveRecord: 2.7ms)


  
SyntaxError (/Users/Jack/Development/WDI_PROJECT_4_API/app/serializers/user_serializer.rb:3: syntax error, unexpected keyword_end):
  
app/serializers/user_serializer.rb:3: syntax error, unexpected keyword_end
app/controllers/authentications_controller.rb:8:in `register'
Started POST "/register" for 127.0.0.1 at 2017-02-16 12:40:50 +0000
  [1m[36mActiveRecord::SchemaMigration Load (0.6ms)[0m  [1m[34mSELECT "schema_migrations".* FROM "schema_migrations"[0m
Processing by AuthenticationsController#register as */*
  Parameters: {"email"=>"jack@jack.com", "password"=>"[FILTERED]", "password_confirmation"=>"[FILTERED]", "authentication"=>{"email"=>"jack@jack.com", "password"=>"[FILTERED]", "password_confirmation"=>"[FILTERED]"}}
DEPRECATION WARNING: Method to_hash is deprecated and will be removed in Rails 5.1, as `ActionController::Parameters` no longer inherits from hash. Using this deprecated behavior exposes potential security problems. If you continue to use this method you may be creating a security vulnerability in your app that can be exploited. Instead, consider using one of these documented methods which are not deprecated: http://api.rubyonrails.org/v5.0.1/classes/ActionController/Parameters.html (called from merge! at /Users/Jack/Development/WDI_PROJECT_4_API/app/controllers/authentications_controller.rb:29)
  [1m[35m (0.1ms)[0m  [1m[35mBEGIN[0m
  [1m[36mUser Exists (0.9ms)[0m  [1m[34mSELECT  1 AS one FROM "users" WHERE "users"."email" = $1 LIMIT $2[0m  [["email", "jack@jack.com"], ["LIMIT", 1]]
  [1m[35m (0.2ms)[0m  [1m[31mROLLBACK[0m
[active_model_serializers] Rendered ActiveModel::Serializer::Null with Hash (0.24ms)
Completed 422 Unprocessable Entity in 117ms (Views: 3.5ms | ActiveRecord: 8.4ms)


Started POST "/register" for 127.0.0.1 at 2017-02-16 12:40:56 +0000
Processing by AuthenticationsController#register as */*
  Parameters: {"email"=>"jack4@jack4.com", "password"=>"[FILTERED]", "password_confirmation"=>"[FILTERED]", "authentication"=>{"email"=>"jack4@jack4.com", "password"=>"[FILTERED]", "password_confirmation"=>"[FILTERED]"}}
DEPRECATION WARNING: Method to_hash is deprecated and will be removed in Rails 5.1, as `ActionController::Parameters` no longer inherits from hash. Using this deprecated behavior exposes potential security problems. If you continue to use this method you may be creating a security vulnerability in your app that can be exploited. Instead, consider using one of these documented methods which are not deprecated: http://api.rubyonrails.org/v5.0.1/classes/ActionController/Parameters.html (called from merge! at /Users/Jack/Development/WDI_PROJECT_4_API/app/controllers/authentications_controller.rb:29)
  [1m[35m (0.3ms)[0m  [1m[35mBEGIN[0m
  [1m[36mUser Exists (1.1ms)[0m  [1m[34mSELECT  1 AS one FROM "users" WHERE "users"."email" = $1 LIMIT $2[0m  [["email", "jack4@jack4.com"], ["LIMIT", 1]]
  [1m[35mSQL (0.6ms)[0m  [1m[32mINSERT INTO "users" ("email", "password_digest", "created_at", "updated_at") VALUES ($1, $2, $3, $4) RETURNING "id"[0m  [["email", "jack4@jack4.com"], ["password_digest", "$2a$10$ciDYMp8IIphSU.0OtGLUk.jKryHuVvkedenyQEkbk0K9l6PkLRJ3e"], ["created_at", 2017-02-16 12:40:56 UTC], ["updated_at", 2017-02-16 12:40:56 UTC]]
  [1m[35m (0.8ms)[0m  [1m[35mCOMMIT[0m
[active_model_serializers] Rendered ActiveModel::Serializer::Null with Hash (8.08ms)
Completed 200 OK in 100ms (Views: 8.8ms | ActiveRecord: 2.8ms)


Started POST "/login" for 127.0.0.1 at 2017-02-16 12:41:11 +0000
Processing by AuthenticationsController#login as */*
  Parameters: {"email"=>"jack4@jack4.com", "password"=>"[FILTERED]", "authentication"=>{"email"=>"jack4@jack4.com", "password"=>"[FILTERED]"}}
  [1m[36mUser Load (0.3ms)[0m  [1m[34mSELECT  "users".* FROM "users" WHERE "users"."email" = $1 LIMIT $2[0m  [["email", "jack4@jack4.com"], ["LIMIT", 1]]
[active_model_serializers] Rendered ActiveModel::Serializer::Null with Hash (0.17ms)
Completed 200 OK in 84ms (Views: 0.8ms | ActiveRecord: 0.6ms)


